have_library: checking for BIO_read() in -lcrypto... -------------------- no

"gcc -o conftest -I/home/tatev/.rbenv/versions/2.5.3/include/ruby-2.5.0/x86_64-linux -I/home/tatev/.rbenv/versions/2.5.3/include/ruby-2.5.0/ruby/backward -I/home/tatev/.rbenv/versions/2.5.3/include/ruby-2.5.0 -I. -I/home/tatev/.rbenv/versions/2.5.3/include    -O3 -ggdb3 -Wall -Wextra -Wno-unused-parameter -Wno-parentheses -Wno-long-long -Wno-missing-field-initializers -Wno-tautological-compare -Wno-parentheses-equality -Wno-constant-logical-operand -Wno-self-assign -Wunused-variable -Wimplicit-int -Wpointer-arith -Wwrite-strings -Wdeclaration-after-statement -Wimplicit-function-declaration -Wdeprecated-declarations -Wmisleading-indentation -Wno-packed-bitfield-compat -Wsuggest-attribute=noreturn -Wsuggest-attribute=format -Wimplicit-fallthrough=0 -Wduplicated-cond -Wrestrict conftest.c  -L. -L/home/tatev/.rbenv/versions/2.5.3/lib -Wl,-rpath,/home/tatev/.rbenv/versions/2.5.3/lib -L. -L/home/tatev/.rbenv/versions/2.5.3/lib  -fstack-protector -rdynamic -Wl,-export-dynamic     -Wl,-rpath,/home/tatev/.rbenv/versions/2.5.3/lib -L/home/tatev/.rbenv/versions/2.5.3/lib -lruby-static  -lpthread -ldl -lcrypt -lm   -lc"
checked program was:
/* begin */
1: #include "ruby.h"
2: 
3: int main(int argc, char **argv)
4: {
5:   return 0;
6: }
/* end */

"gcc -o conftest -I/home/tatev/.rbenv/versions/2.5.3/include/ruby-2.5.0/x86_64-linux -I/home/tatev/.rbenv/versions/2.5.3/include/ruby-2.5.0/ruby/backward -I/home/tatev/.rbenv/versions/2.5.3/include/ruby-2.5.0 -I. -I/home/tatev/.rbenv/versions/2.5.3/include    -O3 -ggdb3 -Wall -Wextra -Wno-unused-parameter -Wno-parentheses -Wno-long-long -Wno-missing-field-initializers -Wno-tautological-compare -Wno-parentheses-equality -Wno-constant-logical-operand -Wno-self-assign -Wunused-variable -Wimplicit-int -Wpointer-arith -Wwrite-strings -Wdeclaration-after-statement -Wimplicit-function-declaration -Wdeprecated-declarations -Wmisleading-indentation -Wno-packed-bitfield-compat -Wsuggest-attribute=noreturn -Wsuggest-attribute=format -Wimplicit-fallthrough=0 -Wduplicated-cond -Wrestrict conftest.c  -L. -L/home/tatev/.rbenv/versions/2.5.3/lib -Wl,-rpath,/home/tatev/.rbenv/versions/2.5.3/lib -L. -L/home/tatev/.rbenv/versions/2.5.3/lib  -fstack-protector -rdynamic -Wl,-export-dynamic     -Wl,-rpath,/home/tatev/.rbenv/versions/2.5.3/lib -L/home/tatev/.rbenv/versions/2.5.3/lib -lruby-static -lcrypto  -lpthread -ldl -lcrypt -lm   -lc"
conftest.c: In function ‘t’:
conftest.c:13:57: error: ‘BIO_read’ undeclared (first use in this function); did you mean ‘pread’?
 int t(void) { void ((*volatile p)()); p = (void ((*)()))BIO_read; return !p; }
                                                         ^~~~~~~~
                                                         pread
conftest.c:13:57: note: each undeclared identifier is reported only once for each function it appears in
conftest.c: At top level:
cc1: warning: unrecognized command line option ‘-Wno-self-assign’
cc1: warning: unrecognized command line option ‘-Wno-constant-logical-operand’
cc1: warning: unrecognized command line option ‘-Wno-parentheses-equality’
checked program was:
/* begin */
 1: #include "ruby.h"
 2: 
 3: /*top*/
 4: extern int t(void);
 5: int main(int argc, char **argv)
 6: {
 7:   if (argc > 1000000) {
 8:     printf("%p", &t);
 9:   }
10: 
11:   return 0;
12: }
13: int t(void) { void ((*volatile p)()); p = (void ((*)()))BIO_read; return !p; }
/* end */

"gcc -o conftest -I/home/tatev/.rbenv/versions/2.5.3/include/ruby-2.5.0/x86_64-linux -I/home/tatev/.rbenv/versions/2.5.3/include/ruby-2.5.0/ruby/backward -I/home/tatev/.rbenv/versions/2.5.3/include/ruby-2.5.0 -I. -I/home/tatev/.rbenv/versions/2.5.3/include    -O3 -ggdb3 -Wall -Wextra -Wno-unused-parameter -Wno-parentheses -Wno-long-long -Wno-missing-field-initializers -Wno-tautological-compare -Wno-parentheses-equality -Wno-constant-logical-operand -Wno-self-assign -Wunused-variable -Wimplicit-int -Wpointer-arith -Wwrite-strings -Wdeclaration-after-statement -Wimplicit-function-declaration -Wdeprecated-declarations -Wmisleading-indentation -Wno-packed-bitfield-compat -Wsuggest-attribute=noreturn -Wsuggest-attribute=format -Wimplicit-fallthrough=0 -Wduplicated-cond -Wrestrict conftest.c  -L. -L/home/tatev/.rbenv/versions/2.5.3/lib -Wl,-rpath,/home/tatev/.rbenv/versions/2.5.3/lib -L. -L/home/tatev/.rbenv/versions/2.5.3/lib  -fstack-protector -rdynamic -Wl,-export-dynamic     -Wl,-rpath,/home/tatev/.rbenv/versions/2.5.3/lib -L/home/tatev/.rbenv/versions/2.5.3/lib -lruby-static -lcrypto  -lpthread -ldl -lcrypt -lm   -lc"
/usr/bin/ld: cannot find -lcrypto
collect2: error: ld returned 1 exit status
checked program was:
/* begin */
 1: #include "ruby.h"
 2: 
 3: /*top*/
 4: extern int t(void);
 5: int main(int argc, char **argv)
 6: {
 7:   if (argc > 1000000) {
 8:     printf("%p", &t);
 9:   }
10: 
11:   return 0;
12: }
13: extern void BIO_read();
14: int t(void) { BIO_read(); return 0; }
/* end */

--------------------

have_library: checking for BIO_read() in -llibeay32... -------------------- no

"gcc -o conftest -I/home/tatev/.rbenv/versions/2.5.3/include/ruby-2.5.0/x86_64-linux -I/home/tatev/.rbenv/versions/2.5.3/include/ruby-2.5.0/ruby/backward -I/home/tatev/.rbenv/versions/2.5.3/include/ruby-2.5.0 -I. -I/home/tatev/.rbenv/versions/2.5.3/include    -O3 -ggdb3 -Wall -Wextra -Wno-unused-parameter -Wno-parentheses -Wno-long-long -Wno-missing-field-initializers -Wno-tautological-compare -Wno-parentheses-equality -Wno-constant-logical-operand -Wno-self-assign -Wunused-variable -Wimplicit-int -Wpointer-arith -Wwrite-strings -Wdeclaration-after-statement -Wimplicit-function-declaration -Wdeprecated-declarations -Wmisleading-indentation -Wno-packed-bitfield-compat -Wsuggest-attribute=noreturn -Wsuggest-attribute=format -Wimplicit-fallthrough=0 -Wduplicated-cond -Wrestrict conftest.c  -L. -L/home/tatev/.rbenv/versions/2.5.3/lib -Wl,-rpath,/home/tatev/.rbenv/versions/2.5.3/lib -L. -L/home/tatev/.rbenv/versions/2.5.3/lib  -fstack-protector -rdynamic -Wl,-export-dynamic     -Wl,-rpath,/home/tatev/.rbenv/versions/2.5.3/lib -L/home/tatev/.rbenv/versions/2.5.3/lib -lruby-static -llibeay32  -lpthread -ldl -lcrypt -lm   -lc"
conftest.c: In function ‘t’:
conftest.c:13:57: error: ‘BIO_read’ undeclared (first use in this function); did you mean ‘pread’?
 int t(void) { void ((*volatile p)()); p = (void ((*)()))BIO_read; return !p; }
                                                         ^~~~~~~~
                                                         pread
conftest.c:13:57: note: each undeclared identifier is reported only once for each function it appears in
conftest.c: At top level:
cc1: warning: unrecognized command line option ‘-Wno-self-assign’
cc1: warning: unrecognized command line option ‘-Wno-constant-logical-operand’
cc1: warning: unrecognized command line option ‘-Wno-parentheses-equality’
checked program was:
/* begin */
 1: #include "ruby.h"
 2: 
 3: /*top*/
 4: extern int t(void);
 5: int main(int argc, char **argv)
 6: {
 7:   if (argc > 1000000) {
 8:     printf("%p", &t);
 9:   }
10: 
11:   return 0;
12: }
13: int t(void) { void ((*volatile p)()); p = (void ((*)()))BIO_read; return !p; }
/* end */

"gcc -o conftest -I/home/tatev/.rbenv/versions/2.5.3/include/ruby-2.5.0/x86_64-linux -I/home/tatev/.rbenv/versions/2.5.3/include/ruby-2.5.0/ruby/backward -I/home/tatev/.rbenv/versions/2.5.3/include/ruby-2.5.0 -I. -I/home/tatev/.rbenv/versions/2.5.3/include    -O3 -ggdb3 -Wall -Wextra -Wno-unused-parameter -Wno-parentheses -Wno-long-long -Wno-missing-field-initializers -Wno-tautological-compare -Wno-parentheses-equality -Wno-constant-logical-operand -Wno-self-assign -Wunused-variable -Wimplicit-int -Wpointer-arith -Wwrite-strings -Wdeclaration-after-statement -Wimplicit-function-declaration -Wdeprecated-declarations -Wmisleading-indentation -Wno-packed-bitfield-compat -Wsuggest-attribute=noreturn -Wsuggest-attribute=format -Wimplicit-fallthrough=0 -Wduplicated-cond -Wrestrict conftest.c  -L. -L/home/tatev/.rbenv/versions/2.5.3/lib -Wl,-rpath,/home/tatev/.rbenv/versions/2.5.3/lib -L. -L/home/tatev/.rbenv/versions/2.5.3/lib  -fstack-protector -rdynamic -Wl,-export-dynamic     -Wl,-rpath,/home/tatev/.rbenv/versions/2.5.3/lib -L/home/tatev/.rbenv/versions/2.5.3/lib -lruby-static -llibeay32  -lpthread -ldl -lcrypt -lm   -lc"
/usr/bin/ld: cannot find -llibeay32
collect2: error: ld returned 1 exit status
checked program was:
/* begin */
 1: #include "ruby.h"
 2: 
 3: /*top*/
 4: extern int t(void);
 5: int main(int argc, char **argv)
 6: {
 7:   if (argc > 1000000) {
 8:     printf("%p", &t);
 9:   }
10: 
11:   return 0;
12: }
13: extern void BIO_read();
14: int t(void) { BIO_read(); return 0; }
/* end */

--------------------

